<?xml version="1.0" encoding="utf-8"?><testsuites name="pytest tests"><testsuite name="pytest" errors="0" failures="0" skipped="0" tests="14" time="6.843" timestamp="2026-06-06T17:46:35.210709+00:00" hostname="agent-env-9144fe4e-19cd-4525-908f-50c73257d65a"><testcase classname="backend.tests.test_iteration3.TestEditorList" name="test_list_files" time="1.054" /><testcase classname="backend.tests.test_iteration3.TestEditorList" name="test_list_files_unauth" time="0.102" /><testcase classname="backend.tests.test_iteration3.TestEditorList" name="test_list_files_other_user" time="0.392" /><testcase classname="backend.tests.test_iteration3.TestEditorReadWrite" name="test_read_html_content" time="0.178" /><testcase classname="backend.tests.test_iteration3.TestEditorReadWrite" name="test_read_missing_file_404" time="0.058" /><testcase classname="backend.tests.test_iteration3.TestEditorReadWrite" name="test_write_html_persists_and_increments_deployments" time="0.534" /><testcase classname="backend.tests.test_iteration3.TestEditorReadWrite" name="test_write_invalid_body" time="0.061" /><testcase classname="backend.tests.test_iteration3.TestEditorReadWrite" name="test_write_unauth" time="0.103" /><testcase classname="backend.tests.test_iteration3.TestEditorImage" name="test_replace_image_serves_new_bytes" time="1.495" /><testcase classname="backend.tests.test_iteration3.TestEditorImage" name="test_replace_image_unauth" time="0.110" /><testcase classname="backend.tests.test_iteration3.TestEditorImage" name="test_replace_missing_image_404" time="0.122" /><testcase classname="backend.tests.test_iteration3.TestEditorAddFile" name="test_upload_new_file" time="0.764" /><testcase classname="backend.tests.test_iteration3.TestEditorAddFile" name="test_upload_duplicate_409" time="0.180" /><testcase classname="backend.tests.test_iteration3.TestOSMDedup" name="test_dedup_on_repeated_call" time="1.596" /></testsuite></testsuites>