<?xml version="1.0" encoding="utf-8"?><testsuites name="pytest tests"><testsuite name="pytest" errors="0" failures="0" skipped="0" tests="19" time="7.451" timestamp="2026-06-06T16:35:55.493245+00:00" hostname="agent-env-9144fe4e-19cd-4525-908f-50c73257d65a"><testcase classname="backend.tests.test_iteration2.TestZipUpload" name="test_upload_zip" time="1.368" /><testcase classname="backend.tests.test_iteration2.TestZipUpload" name="test_serve_site_root" time="0.918" /><testcase classname="backend.tests.test_iteration2.TestZipUpload" name="test_serve_site_css" time="0.763" /><testcase classname="backend.tests.test_iteration2.TestZipUpload" name="test_cleanup" time="0.112" /><testcase classname="backend.tests.test_iteration2.TestRealLeads" name="test_fetch_real_dental_burlington" time="1.107" /><testcase classname="backend.tests.test_iteration2.TestRealLeads" name="test_csv_import" time="0.205" /><testcase classname="backend.tests.test_iteration2.TestNotifications" name="test_list_notifications" time="0.095" /><testcase classname="backend.tests.test_iteration2.TestNotifications" name="test_mark_all_read" time="0.100" /><testcase classname="backend.tests.test_iteration2.TestAuditExtras" name="test_audit_pdf" time="0.405" /><testcase classname="backend.tests.test_iteration2.TestAuditExtras" name="test_share_create" time="0.163" /><testcase classname="backend.tests.test_iteration2.TestAuditExtras" name="test_public_portal_no_auth" time="0.123" /><testcase classname="backend.tests.test_iteration2.TestAuditExtras" name="test_portal_invalid_token" time="0.111" /><testcase classname="backend.tests.test_iteration2.TestBrand" name="test_get_brand" time="0.105" /><testcase classname="backend.tests.test_iteration2.TestBrand" name="test_update_brand" time="0.232" /><testcase classname="backend.tests.test_iteration2.TestBrand" name="test_upload_logo" time="1.022" /><testcase classname="backend.tests.test_iteration2.TestMonitoring" name="test_create_project_and_check" time="0.104" /><testcase classname="backend.tests.test_iteration2.TestMonitoring" name="test_force_check" time="0.190" /><testcase classname="backend.tests.test_iteration2.TestMonitoring" name="test_get_monitoring" time="0.124" /><testcase classname="backend.tests.test_iteration2.TestMonitoring" name="test_cleanup" time="0.112" /></testsuite></testsuites>