<?xml version="1.0" encoding="utf-8"?><testsuites name="pytest tests"><testsuite name="pytest" errors="0" failures="0" skipped="0" tests="39" time="48.878" timestamp="2026-06-06T16:07:47.203630+00:00" hostname="agent-env-9144fe4e-19cd-4525-908f-50c73257d65a"><testcase classname="backend.tests.backend_test.TestHealth" name="test_root" time="1.546" /><testcase classname="backend.tests.backend_test.TestHealth" name="test_health" time="0.052" /><testcase classname="backend.tests.backend_test.TestAuth" name="test_register_new_user" time="0.281" /><testcase classname="backend.tests.backend_test.TestAuth" name="test_register_duplicate_email" time="0.061" /><testcase classname="backend.tests.backend_test.TestAuth" name="test_login_demo_user" time="0.272" /><testcase classname="backend.tests.backend_test.TestAuth" name="test_login_invalid_credentials" time="0.349" /><testcase classname="backend.tests.backend_test.TestAuth" name="test_me_with_bearer" time="0.323" /><testcase classname="backend.tests.backend_test.TestAuth" name="test_me_without_token" time="0.134" /><testcase classname="backend.tests.backend_test.TestAuth" name="test_logout" time="0.056" /><testcase classname="backend.tests.backend_test.TestAuth" name="test_emergent_session_invalid" time="0.147" /><testcase classname="backend.tests.backend_test.TestAuth" name="test_emergent_session_missing_id" time="0.047" /><testcase classname="backend.tests.backend_test.TestProjects" name="test_create_project" time="0.051" /><testcase classname="backend.tests.backend_test.TestProjects" name="test_list_projects" time="0.071" /><testcase classname="backend.tests.backend_test.TestProjects" name="test_get_project_detail" time="0.051" /><testcase classname="backend.tests.backend_test.TestProjects" name="test_redeploy_increments_count" time="0.155" /><testcase classname="backend.tests.backend_test.TestProjects" name="test_delete_project" time="0.106" /><testcase classname="backend.tests.backend_test.TestAudits" name="test_run_audit" time="37.381" /><testcase classname="backend.tests.backend_test.TestAudits" name="test_list_audits" time="0.063" /><testcase classname="backend.tests.backend_test.TestAudits" name="test_get_audit" time="0.058" /><testcase classname="backend.tests.backend_test.TestLeads" name="test_list_leads" time="0.056" /><testcase classname="backend.tests.backend_test.TestLeads" name="test_filters" time="0.049" /><testcase classname="backend.tests.backend_test.TestLeads" name="test_filter_by_industry" time="0.049" /><testcase classname="backend.tests.backend_test.TestLeads" name="test_search_query" time="0.049" /><testcase classname="backend.tests.backend_test.TestLeads" name="test_min_opportunity_filter" time="0.053" /><testcase classname="backend.tests.backend_test.TestLeads" name="test_get_lead_detail" time="0.057" /><testcase classname="backend.tests.backend_test.TestLeads" name="test_get_lead_404" time="0.048" /><testcase classname="backend.tests.backend_test.TestOutreach" name="test_generate_outreach" time="6.221" /><testcase classname="backend.tests.backend_test.TestOutreach" name="test_list_drafts" time="0.054" /><testcase classname="backend.tests.backend_test.TestOutreach" name="test_generate_outreach_invalid_lead" time="0.054" /><testcase classname="backend.tests.backend_test.TestCampaigns" name="test_create_campaign" time="0.073" /><testcase classname="backend.tests.backend_test.TestCampaigns" name="test_list_campaigns" time="0.051" /><testcase classname="backend.tests.backend_test.TestCampaigns" name="test_patch_campaign" time="0.060" /><testcase classname="backend.tests.backend_test.TestCampaigns" name="test_delete_campaign" time="0.054" /><testcase classname="backend.tests.backend_test.TestCRM" name="test_create_contact" time="0.083" /><testcase classname="backend.tests.backend_test.TestCRM" name="test_list_contacts" time="0.052" /><testcase classname="backend.tests.backend_test.TestCRM" name="test_update_stage" time="0.051" /><testcase classname="backend.tests.backend_test.TestCRM" name="test_update_stage_invalid" time="0.048" /><testcase classname="backend.tests.backend_test.TestCRM" name="test_delete_contact" time="0.051" /><testcase classname="backend.tests.backend_test.TestDashboard" name="test_stats" time="0.058" /></testsuite></testsuites>