<?xml version="1.0" encoding="utf-8"?><testsuites name="pytest tests"><testsuite name="pytest" errors="0" failures="0" skipped="0" tests="72" time="61.280" timestamp="2026-06-06T17:46:46.259496+00:00" hostname="agent-env-9144fe4e-19cd-4525-908f-50c73257d65a"><testcase classname="backend.tests.backend_test.TestHealth" name="test_root" time="0.201" /><testcase classname="backend.tests.backend_test.TestHealth" name="test_health" time="0.055" /><testcase classname="backend.tests.backend_test.TestAuth" name="test_register_new_user" time="0.281" /><testcase classname="backend.tests.backend_test.TestAuth" name="test_register_duplicate_email" time="0.060" /><testcase classname="backend.tests.backend_test.TestAuth" name="test_login_demo_user" time="0.287" /><testcase classname="backend.tests.backend_test.TestAuth" name="test_login_invalid_credentials" time="0.277" /><testcase classname="backend.tests.backend_test.TestAuth" name="test_me_with_bearer" time="0.337" /><testcase classname="backend.tests.backend_test.TestAuth" name="test_me_without_token" time="0.110" /><testcase classname="backend.tests.backend_test.TestAuth" name="test_logout" time="0.054" /><testcase classname="backend.tests.backend_test.TestAuth" name="test_emergent_session_invalid" time="0.162" /><testcase classname="backend.tests.backend_test.TestAuth" name="test_emergent_session_missing_id" time="0.056" /><testcase classname="backend.tests.backend_test.TestProjects" name="test_create_project" time="0.053" /><testcase classname="backend.tests.backend_test.TestProjects" name="test_list_projects" time="0.057" /><testcase classname="backend.tests.backend_test.TestProjects" name="test_get_project_detail" time="0.054" /><testcase classname="backend.tests.backend_test.TestProjects" name="test_redeploy_increments_count" time="0.184" /><testcase classname="backend.tests.backend_test.TestProjects" name="test_delete_project" time="0.143" /><testcase classname="backend.tests.backend_test.TestAudits" name="test_run_audit" time="32.416" /><testcase classname="backend.tests.backend_test.TestAudits" name="test_list_audits" time="0.070" /><testcase classname="backend.tests.backend_test.TestAudits" name="test_get_audit" time="0.056" /><testcase classname="backend.tests.backend_test.TestLeads" name="test_list_leads" time="0.057" /><testcase classname="backend.tests.backend_test.TestLeads" name="test_filters" time="0.052" /><testcase classname="backend.tests.backend_test.TestLeads" name="test_filter_by_industry" time="0.061" /><testcase classname="backend.tests.backend_test.TestLeads" name="test_search_query" time="0.053" /><testcase classname="backend.tests.backend_test.TestLeads" name="test_min_opportunity_filter" time="0.053" /><testcase classname="backend.tests.backend_test.TestLeads" name="test_get_lead_detail" time="0.054" /><testcase classname="backend.tests.backend_test.TestLeads" name="test_get_lead_404" time="0.055" /><testcase classname="backend.tests.backend_test.TestOutreach" name="test_generate_outreach" time="5.774" /><testcase classname="backend.tests.backend_test.TestOutreach" name="test_list_drafts" time="0.057" /><testcase classname="backend.tests.backend_test.TestOutreach" name="test_generate_outreach_invalid_lead" time="0.062" /><testcase classname="backend.tests.backend_test.TestCampaigns" name="test_create_campaign" time="0.064" /><testcase classname="backend.tests.backend_test.TestCampaigns" name="test_list_campaigns" time="0.052" /><testcase classname="backend.tests.backend_test.TestCampaigns" name="test_patch_campaign" time="0.060" /><testcase classname="backend.tests.backend_test.TestCampaigns" name="test_delete_campaign" time="0.052" /><testcase classname="backend.tests.backend_test.TestCRM" name="test_create_contact" time="0.062" /><testcase classname="backend.tests.backend_test.TestCRM" name="test_list_contacts" time="0.056" /><testcase classname="backend.tests.backend_test.TestCRM" name="test_update_stage" time="0.066" /><testcase classname="backend.tests.backend_test.TestCRM" name="test_update_stage_invalid" time="0.049" /><testcase classname="backend.tests.backend_test.TestCRM" name="test_delete_contact" time="0.054" /><testcase classname="backend.tests.backend_test.TestDashboard" name="test_stats" time="0.058" /><testcase classname="backend.tests.test_iteration2.TestZipUpload" name="test_upload_zip" time="0.810" /><testcase classname="backend.tests.test_iteration2.TestZipUpload" name="test_serve_site_root" time="0.351" /><testcase classname="backend.tests.test_iteration2.TestZipUpload" name="test_serve_site_css" time="0.194" /><testcase classname="backend.tests.test_iteration2.TestZipUpload" name="test_cleanup" time="0.111" /><testcase classname="backend.tests.test_iteration2.TestRealLeads" name="test_fetch_real_dental_burlington" time="1.856" /><testcase classname="backend.tests.test_iteration2.TestRealLeads" name="test_csv_import" time="0.225" /><testcase classname="backend.tests.test_iteration2.TestNotifications" name="test_list_notifications" time="0.106" /><testcase classname="backend.tests.test_iteration2.TestNotifications" name="test_mark_all_read" time="0.108" /><testcase classname="backend.tests.test_iteration2.TestAuditExtras" name="test_audit_pdf" time="0.445" /><testcase classname="backend.tests.test_iteration2.TestAuditExtras" name="test_share_create" time="0.126" /><testcase classname="backend.tests.test_iteration2.TestAuditExtras" name="test_public_portal_no_auth" time="0.117" /><testcase classname="backend.tests.test_iteration2.TestAuditExtras" name="test_portal_invalid_token" time="0.110" /><testcase classname="backend.tests.test_iteration2.TestBrand" name="test_get_brand" time="0.101" /><testcase classname="backend.tests.test_iteration2.TestBrand" name="test_update_brand" time="0.351" /><testcase classname="backend.tests.test_iteration2.TestBrand" name="test_upload_logo" time="0.464" /><testcase classname="backend.tests.test_iteration2.TestMonitoring" name="test_create_project_and_check" time="0.107" /><testcase classname="backend.tests.test_iteration2.TestMonitoring" name="test_force_check" time="0.179" /><testcase classname="backend.tests.test_iteration2.TestMonitoring" name="test_get_monitoring" time="0.105" /><testcase classname="backend.tests.test_iteration2.TestMonitoring" name="test_cleanup" time="0.104" /><testcase classname="backend.tests.test_iteration3.TestEditorList" name="test_list_files" time="0.812" /><testcase classname="backend.tests.test_iteration3.TestEditorList" name="test_list_files_unauth" time="0.103" /><testcase classname="backend.tests.test_iteration3.TestEditorList" name="test_list_files_other_user" time="0.375" /><testcase classname="backend.tests.test_iteration3.TestEditorReadWrite" name="test_read_html_content" time="0.146" /><testcase classname="backend.tests.test_iteration3.TestEditorReadWrite" name="test_read_missing_file_404" time="0.052" /><testcase classname="backend.tests.test_iteration3.TestEditorReadWrite" name="test_write_html_persists_and_increments_deployments" time="0.499" /><testcase classname="backend.tests.test_iteration3.TestEditorReadWrite" name="test_write_invalid_body" time="0.051" /><testcase classname="backend.tests.test_iteration3.TestEditorReadWrite" name="test_write_unauth" time="0.109" /><testcase classname="backend.tests.test_iteration3.TestEditorImage" name="test_replace_image_serves_new_bytes" time="0.465" /><testcase classname="backend.tests.test_iteration3.TestEditorImage" name="test_replace_image_unauth" time="0.124" /><testcase classname="backend.tests.test_iteration3.TestEditorImage" name="test_replace_missing_image_404" time="0.101" /><testcase classname="backend.tests.test_iteration3.TestEditorAddFile" name="test_upload_new_file" time="0.500" /><testcase classname="backend.tests.test_iteration3.TestEditorAddFile" name="test_upload_duplicate_409" time="0.104" /><testcase classname="backend.tests.test_iteration3.TestOSMDedup" name="test_dedup_on_repeated_call" time="9.991" /></testsuite></testsuites>